<?xml version="1.0" encoding="UTF-8"?>
<testng-results ignored="0" total="1" passed="1" failed="0" skipped="0">
  <reporter-output>
  </reporter-output>
  <suite started-at="2021-12-15T09:58:01 IST" name="Surefire suite" finished-at="2021-12-15T09:58:02 IST" duration-ms="139">
    <groups>
    </groups>
    <test started-at="2021-12-15T09:58:01 IST" name="Surefire test" finished-at="2021-12-15T09:58:02 IST" duration-ms="139">
      <class name="name.Rest_Assured.AppTest">
        <test-method signature="shouldAnswerWithTrue()" started-at="2021-12-15T09:58:02 IST" name="shouldAnswerWithTrue" finished-at="2021-12-15T09:58:02 IST" duration-ms="16" status="PASS">
          <reporter-output>
          </reporter-output>
        </test-method> <!-- shouldAnswerWithTrue -->
      </class> <!-- name.Rest_Assured.AppTest -->
    </test> <!-- Surefire test -->
  </suite> <!-- Surefire suite -->
</testng-results>
