<?xml version="1.0" encoding="UTF-8"?>
<testng-results ignored="0" total="1" passed="1" failed="0" skipped="0">
  <reporter-output>
  </reporter-output>
  <suite started-at="2021-12-15T10:11:24 IST" name="Default suite" finished-at="2021-12-15T10:11:30 IST" duration-ms="5931">
    <groups>
    </groups>
    <test started-at="2021-12-15T10:11:24 IST" name="Default test" finished-at="2021-12-15T10:11:30 IST" duration-ms="5931">
      <class name="name.Rest_Assured.firsttest">
        <test-method signature="sample()[pri:0, instance:name.Rest_Assured.firsttest@1f97cf0d]" started-at="2021-12-15T10:11:24 IST" name="sample" finished-at="2021-12-15T10:11:30 IST" duration-ms="5814" status="PASS">
          <reporter-output>
          </reporter-output>
        </test-method> <!-- sample -->
      </class> <!-- name.Rest_Assured.firsttest -->
    </test> <!-- Default test -->
  </suite> <!-- Default suite -->
</testng-results>
